# JRE version: Java(TM) SE Runtime Environment (8.0_31-b13) (build 1.8.0_31-b13)
# Java VM: Java HotSpot(TM) 64-Bit Server VM (25.31-b07 mixed mode windows-amd64 compressed oops)
Heap:
 PSYoungGen      total 18944K, used 844K [0x00000000eb400000, 0x00000000ed100000, 0x0000000100000000)
  eden space 16384K, 0% used [0x00000000eb400000,0x00000000eb400000,0x00000000ec400000)
  from space 2560K, 33% used [0x00000000ec400000,0x00000000ec4d33b0,0x00000000ec680000)
  to   space 6656K, 0% used [0x00000000eca80000,0x00000000eca80000,0x00000000ed100000)
 ParOldGen       total 44032K, used 9506K [0x00000000c1c00000, 0x00000000c4700000, 0x00000000eb400000)
  object space 44032K, 21% used [0x00000000c1c00000,0x00000000c2548bc0,0x00000000c4700000)
 Metaspace       used 20915K, capacity 21054K, committed 21296K, reserved 1069056K
  class space    used 2629K, capacity 2659K, committed 2688K, reserved 1048576K
GC Heap History (10 events):
Event: 6.002 GC heap after
Heap after GC invocations=5 (full 0):
 PSYoungGen      total 18944K, used 2550K [0x00000000eb400000, 0x00000000ed100000, 0x0000000100000000)
  eden space 16384K, 0% used [0x00000000eb400000,0x00000000eb400000,0x00000000ec400000)
  from space 2560K, 99% used [0x00000000ec400000,0x00000000ec67db50,0x00000000ec680000)
  to   space 6656K, 0% used [0x00000000eca80000,0x00000000eca80000,0x00000000ed100000)
 ParOldGen       total 44032K, used 6101K [0x00000000c1c00000, 0x00000000c4700000, 0x00000000eb400000)
  object space 44032K, 13% used [0x00000000c1c00000,0x00000000c21f5678,0x00000000c4700000)
 Metaspace       used 17308K, capacity 17434K, committed 17664K, reserved 1064960K
  class space    used 2184K, capacity 2205K, committed 2304K, reserved 1048576K
}
Event: 6.917 GC heap before
{Heap before GC invocations=6 (full 0):
 PSYoungGen      total 18944K, used 18934K [0x00000000eb400000, 0x00000000ed100000, 0x0000000100000000)
  eden space 16384K, 100% used [0x00000000eb400000,0x00000000ec400000,0x00000000ec400000)
  from space 2560K, 99% used [0x00000000ec400000,0x00000000ec67db50,0x00000000ec680000)
  to   space 6656K, 0% used [0x00000000eca80000,0x00000000eca80000,0x00000000ed100000)
 ParOldGen       total 44032K, used 6101K [0x00000000c1c00000, 0x00000000c4700000, 0x00000000eb400000)
  object space 44032K, 13% used [0x00000000c1c00000,0x00000000c21f5678,0x00000000c4700000)
 Metaspace       used 19031K, capacity 19226K, committed 19456K, reserved 1067008K
  class space    used 2402K, capacity 2461K, committed 2560K, reserved 1048576K
Event: 6.936 GC heap after
Heap after GC invocations=6 (full 0):
 PSYoungGen      total 23040K, used 4373K [0x00000000eb400000, 0x00000000ed100000, 0x0000000100000000)
  eden space 16384K, 0% used [0x00000000eb400000,0x00000000eb400000,0x00000000ec400000)
  from space 6656K, 65% used [0x00000000eca80000,0x00000000ecec56b0,0x00000000ed100000)
  to   space 2560K, 0% used [0x00000000ec400000,0x00000000ec400000,0x00000000ec680000)
 ParOldGen       total 44032K, used 6109K [0x00000000c1c00000, 0x00000000c4700000, 0x00000000eb400000)
  object space 44032K, 13% used [0x00000000c1c00000,0x00000000c21f7678,0x00000000c4700000)
 Metaspace       used 19031K, capacity 19226K, committed 19456K, reserved 1067008K
  class space    used 2402K, capacity 2461K, committed 2560K, reserved 1048576K
}
Event: 7.760 GC heap before
{Heap before GC invocations=7 (full 0):
 PSYoungGen      total 23040K, used 20757K [0x00000000eb400000, 0x00000000ed100000, 0x0000000100000000)
  eden space 16384K, 100% used [0x00000000eb400000,0x00000000ec400000,0x00000000ec400000)
  from space 6656K, 65% used [0x00000000eca80000,0x00000000ecec56b0,0x00000000ed100000)
  to   space 2560K, 0% used [0x00000000ec400000,0x00000000ec400000,0x00000000ec680000)
 ParOldGen       total 44032K, used 6109K [0x00000000c1c00000, 0x00000000c4700000, 0x00000000eb400000)
  object space 44032K, 13% used [0x00000000c1c00000,0x00000000c21f7678,0x00000000c4700000)
 Metaspace       used 19262K, capacity 19418K, committed 19712K, reserved 1067008K
  class space    used 2426K, capacity 2461K, committed 2560K, reserved 1048576K
Event: 7.771 GC heap after
Heap after GC invocations=7 (full 0):
 PSYoungGen      total 18944K, used 2528K [0x00000000eb400000, 0x00000000ed100000, 0x0000000100000000)
  eden space 16384K, 0% used [0x00000000eb400000,0x00000000eb400000,0x00000000ec400000)
  from space 2560K, 98% used [0x00000000ec400000,0x00000000ec678070,0x00000000ec680000)
  to   space 6656K, 0% used [0x00000000eca80000,0x00000000eca80000,0x00000000ed100000)
 ParOldGen       total 44032K, used 7280K [0x00000000c1c00000, 0x00000000c4700000, 0x00000000eb400000)
  object space 44032K, 16% used [0x00000000c1c00000,0x00000000c231c340,0x00000000c4700000)
 Metaspace       used 19262K, capacity 19418K, committed 19712K, reserved 1067008K
  class space    used 2426K, capacity 2461K, committed 2560K, reserved 1048576K
}
Event: 9.066 GC heap before
{Heap before GC invocations=8 (full 0):
 PSYoungGen      total 18944K, used 18912K [0x00000000eb400000, 0x00000000ed100000, 0x0000000100000000)
  eden space 16384K, 100% used [0x00000000eb400000,0x00000000ec400000,0x00000000ec400000)
  from space 2560K, 98% used [0x00000000ec400000,0x00000000ec678070,0x00000000ec680000)
  to   space 6656K, 0% used [0x00000000eca80000,0x00000000eca80000,0x00000000ed100000)
 ParOldGen       total 44032K, used 7280K [0x00000000c1c00000, 0x00000000c4700000, 0x00000000eb400000)
  object space 44032K, 16% used [0x00000000c1c00000,0x00000000c231c340,0x00000000c4700000)
 Metaspace       used 20842K, capacity 20990K, committed 21296K, reserved 1069056K
  class space    used 2623K, capacity 2659K, committed 2688K, reserved 1048576K
Event: 9.075 GC heap after
Heap after GC invocations=8 (full 0):
 PSYoungGen      total 23040K, used 2899K [0x00000000eb400000, 0x00000000ed100000, 0x0000000100000000)
  eden space 16384K, 0% used [0x00000000eb400000,0x00000000eb400000,0x00000000ec400000)
  from space 6656K, 43% used [0x00000000eca80000,0x00000000ecd54d28,0x00000000ed100000)
  to   space 2560K, 0% used [0x00000000ec400000,0x00000000ec400000,0x00000000ec680000)
 ParOldGen       total 44032K, used 8352K [0x00000000c1c00000, 0x00000000c4700000, 0x00000000eb400000)
  object space 44032K, 18% used [0x00000000c1c00000,0x00000000c2428390,0x00000000c4700000)
 Metaspace       used 20842K, capacity 20990K, committed 21296K, reserved 1069056K
  class space    used 2623K, capacity 2659K, committed 2688K, reserved 1048576K
}
Event: 9.092 GC heap before
{Heap before GC invocations=9 (full 0):
 PSYoungGen      total 23040K, used 3598K [0x00000000eb400000, 0x00000000ed100000, 0x0000000100000000)
  eden space 16384K, 4% used [0x00000000eb400000,0x00000000eb4aeaf0,0x00000000ec400000)
  from space 6656K, 43% used [0x00000000eca80000,0x00000000ecd54d28,0x00000000ed100000)
  to   space 2560K, 0% used [0x00000000ec400000,0x00000000ec400000,0x00000000ec680000)
 ParOldGen       total 44032K, used 8352K [0x00000000c1c00000, 0x00000000c4700000, 0x00000000eb400000)
  object space 44032K, 18% used [0x00000000c1c00000,0x00000000c2428390,0x00000000c4700000)
 Metaspace       used 20915K, capacity 21054K, committed 21296K, reserved 1069056K
  class space    used 2629K, capacity 2659K, committed 2688K, reserved 1048576K
Event: 9.099 GC heap after
Heap after GC invocations=9 (full 0):
 PSYoungGen      total 18944K, used 844K [0x00000000eb400000, 0x00000000ed100000, 0x0000000100000000)
  eden space 16384K, 0% used [0x00000000eb400000,0x00000000eb400000,0x00000000ec400000)
  from space 2560K, 33% used [0x00000000ec400000,0x00000000ec4d33b0,0x00000000ec680000)
  to   space 6656K, 0% used [0x00000000eca80000,0x00000000eca80000,0x00000000ed100000)
 ParOldGen       total 44032K, used 9506K [0x00000000c1c00000, 0x00000000c4700000, 0x00000000eb400000)
  object space 44032K, 21% used [0x00000000c1c00000,0x00000000c2548bc0,0x00000000c4700000)
 Metaspace       used 20915K, capacity 21054K, committed 21296K, reserved 1069056K
  class space    used 2629K, capacity 2659K, committed 2688K, reserved 1048576K
}
Event: 9.099 GC heap before
{Heap before GC invocations=10 (full 1):
 PSYoungGen      total 18944K, used 844K [0x00000000eb400000, 0x00000000ed100000, 0x0000000100000000)
  eden space 16384K, 0% used [0x00000000eb400000,0x00000000eb400000,0x00000000ec400000)
  from space 2560K, 33% used [0x00000000ec400000,0x00000000ec4d33b0,0x00000000ec680000)
  to   space 6656K, 0% used [0x00000000eca80000,0x00000000eca80000,0x00000000ed100000)
 ParOldGen       total 44032K, used 9506K [0x00000000c1c00000, 0x00000000c4700000, 0x00000000eb400000)
  object space 44032K, 21% used [0x00000000c1c00000,0x00000000c2548bc0,0x00000000c4700000)
 Metaspace       used 20915K, capacity 21054K, committed 21296K, reserved 1069056K
  class space    used 2629K, capacity 2659K, committed 2688K, reserved 1048576K

